<?xml version="1.0" encoding="UTF-8"?>
<testng-results ignored="0" total="3" passed="2" failed="1" skipped="0">
  <reporter-output>
  </reporter-output>
  <suite started-at="2024-07-23T18:03:15 IST" name="Default suite" finished-at="2024-07-23T18:03:22 IST" duration-ms="6779">
    <groups>
    </groups>
    <test started-at="2024-07-23T18:03:15 IST" name="Default test" finished-at="2024-07-23T18:03:22 IST" duration-ms="6779">
      <class name="Codality.Anotations">
        <test-method is-config="true" signature="beforeTestChrome()[pri:0, instance:Codality.Anotations@72a7c7e0]" started-at="2024-07-23T18:03:15 IST" name="beforeTestChrome" finished-at="2024-07-23T18:03:17 IST" duration-ms="1920" status="PASS">
          <reporter-output>
          </reporter-output>
        </test-method> <!-- beforeTestChrome -->
        <test-method signature="testChrome()[pri:0, instance:Codality.Anotations@72a7c7e0]" started-at="2024-07-23T18:03:17 IST" name="testChrome" finished-at="2024-07-23T18:03:17 IST" duration-ms="174" status="PASS">
          <reporter-output>
          </reporter-output>
        </test-method> <!-- testChrome -->
        <test-method is-config="true" signature="CloseChrome()[pri:0, instance:Codality.Anotations@72a7c7e0]" started-at="2024-07-23T18:03:17 IST" name="CloseChrome" finished-at="2024-07-23T18:03:18 IST" duration-ms="593" status="PASS">
          <reporter-output>
          </reporter-output>
        </test-method> <!-- CloseChrome -->
        <test-method is-config="true" signature="beforeTestChrome()[pri:0, instance:Codality.Anotations@72a7c7e0]" started-at="2024-07-23T18:03:18 IST" name="beforeTestChrome" finished-at="2024-07-23T18:03:19 IST" duration-ms="1497" status="PASS">
          <reporter-output>
          </reporter-output>
        </test-method> <!-- beforeTestChrome -->
        <test-method signature="testScenario2()[pri:0, instance:Codality.Anotations@72a7c7e0]" started-at="2024-07-23T18:03:19 IST" name="testScenario2" finished-at="2024-07-23T18:03:20 IST" duration-ms="257" status="FAIL">
          <exception class="java.lang.AssertionError">
            <message>
              <![CDATA[expected [Login] but found [Welcome to Codility]]]>
            </message>
            <full-stacktrace>
              <![CDATA[java.lang.AssertionError: expected [Login] but found [Welcome to Codility]
at org.testng.Assert.fail(Assert.java:99)
at org.testng.Assert.failNotEquals(Assert.java:1037)
at org.testng.Assert.assertEqualsImpl(Assert.java:140)
at org.testng.Assert.assertEquals(Assert.java:122)
at org.testng.Assert.assertEquals(Assert.java:629)
at org.testng.Assert.assertEquals(Assert.java:639)
at Codality.Anotations.testScenario2(Anotations.java:68)
at java.base/jdk.internal.reflect.NativeMethodAccessorImpl.invoke0(Native Method)
at java.base/jdk.internal.reflect.NativeMethodAccessorImpl.invoke(NativeMethodAccessorImpl.java:77)
at java.base/jdk.internal.reflect.DelegatingMethodAccessorImpl.invoke(DelegatingMethodAccessorImpl.java:43)
at java.base/java.lang.reflect.Method.invoke(Method.java:568)
at org.testng.internal.MethodInvocationHelper.invokeMethod(MethodInvocationHelper.java:133)
at org.testng.internal.TestInvoker.invokeMethod(TestInvoker.java:598)
at org.testng.internal.TestInvoker.invokeTestMethod(TestInvoker.java:173)
at org.testng.internal.MethodRunner.runInSequence(MethodRunner.java:46)
at org.testng.internal.TestInvoker$MethodInvocationAgent.invoke(TestInvoker.java:824)
at org.testng.internal.TestInvoker.invokeTestMethods(TestInvoker.java:146)
at org.testng.internal.TestMethodWorker.invokeTestMethods(TestMethodWorker.java:146)
at org.testng.internal.TestMethodWorker.run(TestMethodWorker.java:128)
at java.base/java.util.ArrayList.forEach(ArrayList.java:1511)
at org.testng.TestRunner.privateRun(TestRunner.java:794)
at org.testng.TestRunner.run(TestRunner.java:596)
at org.testng.SuiteRunner.runTest(SuiteRunner.java:377)
at org.testng.SuiteRunner.runSequentially(SuiteRunner.java:371)
at org.testng.SuiteRunner.privateRun(SuiteRunner.java:332)
at org.testng.SuiteRunner.run(SuiteRunner.java:276)
at org.testng.SuiteRunnerWorker.runSuite(SuiteRunnerWorker.java:53)
at org.testng.SuiteRunnerWorker.run(SuiteRunnerWorker.java:96)
at org.testng.TestNG.runSuitesSequentially(TestNG.java:1212)
at org.testng.TestNG.runSuitesLocally(TestNG.java:1134)
at org.testng.TestNG.runSuites(TestNG.java:1063)
at org.testng.TestNG.run(TestNG.java:1031)
at org.testng.remote.AbstractRemoteTestNG.run(AbstractRemoteTestNG.java:115)
at org.testng.remote.RemoteTestNG.initAndRun(RemoteTestNG.java:293)
at org.testng.remote.RemoteTestNG.main(RemoteTestNG.java:91)
]]>
            </full-stacktrace>
          </exception> <!-- java.lang.AssertionError -->
          <reporter-output>
          </reporter-output>
        </test-method> <!-- testScenario2 -->
        <test-method is-config="true" signature="CloseChrome()[pri:0, instance:Codality.Anotations@72a7c7e0]" started-at="2024-07-23T18:03:20 IST" name="CloseChrome" finished-at="2024-07-23T18:03:20 IST" duration-ms="160" status="PASS">
          <reporter-output>
          </reporter-output>
        </test-method> <!-- CloseChrome -->
        <test-method is-config="true" signature="beforeTestChrome()[pri:0, instance:Codality.Anotations@72a7c7e0]" started-at="2024-07-23T18:03:20 IST" name="beforeTestChrome" finished-at="2024-07-23T18:03:21 IST" duration-ms="1503" status="PASS">
          <reporter-output>
          </reporter-output>
        </test-method> <!-- beforeTestChrome -->
        <test-method signature="testScenario3()[pri:0, instance:Codality.Anotations@72a7c7e0]" started-at="2024-07-23T18:03:21 IST" name="testScenario3" finished-at="2024-07-23T18:03:22 IST" duration-ms="366" status="PASS">
          <reporter-output>
          </reporter-output>
        </test-method> <!-- testScenario3 -->
        <test-method is-config="true" signature="CloseChrome()[pri:0, instance:Codality.Anotations@72a7c7e0]" started-at="2024-07-23T18:03:22 IST" name="CloseChrome" finished-at="2024-07-23T18:03:22 IST" duration-ms="271" status="PASS">
          <reporter-output>
          </reporter-output>
        </test-method> <!-- CloseChrome -->
      </class> <!-- Codality.Anotations -->
    </test> <!-- Default test -->
  </suite> <!-- Default suite -->
</testng-results>
